0 info it worked if it ends with ok
1 verbose cli [ 'C:\\Users\\AJS\\Desktop\\PHP-DEV-KIT\\NodeJSPortable\\App\\NodeJS\\node.exe',
1 verbose cli   'C:\\Users\\AJS\\Desktop\\PHP-DEV-KIT\\NodeJSPortable\\Data\\node_modules\\npm\\bin\\npm-cli.js',
1 verbose cli   'start' ]
2 info using npm@3.5.3
3 info using node@v5.7.0
4 verbose run-script [ 'prestart', 'start', 'poststart' ]
5 info lifecycle lab2@0.0.0~prestart: lab2@0.0.0
6 silly lifecycle lab2@0.0.0~prestart: no script for prestart, continuing
7 info lifecycle lab2@0.0.0~start: lab2@0.0.0
8 verbose lifecycle lab2@0.0.0~start: unsafe-perm in lifecycle true
9 verbose lifecycle lab2@0.0.0~start: PATH: C:\Users\AJS\Desktop\PHP-DEV-KIT\NodeJSPortable\Data\node_modules\npm\bin\node-gyp-bin;C:\Users\AJS\Desktop\PHP-DEV-KIT\NodeJSPortable\Data\AdvWebDevFall2017\public_html\week2\lab2\node_modules\.bin;C:\Users\AJS\Desktop\PHP-DEV-KIT\NodeJSPortable\App\NodeJS;C:\Users\AJS\Desktop\PHP-DEV-KIT\NodeJSPortable\Data;C:\ProgramData\Oracle\Java\javapath;C:\Program Files\Common Files\Microsoft Shared\Windows Live;C:\Program Files (x86)\Common Files\Microsoft Shared\Windows Live;C:\Windows\system32;C:\Windows;C:\Windows\System32\Wbem;C:\Windows\System32\WindowsPowerShell\v1.0\;C:\Program Files (x86)\Windows Live\Shared;C:\Program Files\Trend Micro\AMSP;C:\Program Files (x86)\Skype\Phone\;C:\Windows\system32\config\systemprofile\.dnx\bin;C:\Program Files\Microsoft DNX\Dnvm\;C:\Program Files\Microsoft SQL Server\130\Tools\Binn\;C:\Program Files (x86)\Microsoft SQL Server\Client SDK\ODBC\130\Tools\Binn\;C:\Program Files (x86)\Microsoft SQL Server\140\Tools\Binn\;C:\Program Files (x86)\Microsoft SQL Server\140\DTS\Binn\;C:\Program Files (x86)\Microsoft SQL Server\140\Tools\Binn\ManagementStudio\;C:\Users\AJS\AppData\Local\Programs\Python\Launcher\
10 verbose lifecycle lab2@0.0.0~start: CWD: C:\Users\AJS\Desktop\PHP-DEV-KIT\NodeJSPortable\Data\AdvWebDevFall2017\public_html\week2\lab2
11 silly lifecycle lab2@0.0.0~start: Args: [ '/d /s /c', 'node ./bin/www' ]
12 silly lifecycle lab2@0.0.0~start: Returned: code: 1  signal: null
13 info lifecycle lab2@0.0.0~start: Failed to exec start script
14 verbose stack Error: lab2@0.0.0 start: `node ./bin/www`
14 verbose stack Exit status 1
14 verbose stack     at EventEmitter.<anonymous> (C:\Users\AJS\Desktop\PHP-DEV-KIT\NodeJSPortable\Data\node_modules\npm\lib\utils\lifecycle.js:232:16)
14 verbose stack     at emitTwo (events.js:100:13)
14 verbose stack     at EventEmitter.emit (events.js:185:7)
14 verbose stack     at ChildProcess.<anonymous> (C:\Users\AJS\Desktop\PHP-DEV-KIT\NodeJSPortable\Data\node_modules\npm\lib\utils\spawn.js:24:14)
14 verbose stack     at emitTwo (events.js:100:13)
14 verbose stack     at ChildProcess.emit (events.js:185:7)
14 verbose stack     at maybeClose (internal/child_process.js:827:16)
14 verbose stack     at Process.ChildProcess._handle.onexit (internal/child_process.js:211:5)
15 verbose pkgid lab2@0.0.0
16 verbose cwd C:\Users\AJS\Desktop\PHP-DEV-KIT\NodeJSPortable\Data\AdvWebDevFall2017\public_html\week2\lab2
17 error Windows_NT 6.1.7601
18 error argv "C:\\Users\\AJS\\Desktop\\PHP-DEV-KIT\\NodeJSPortable\\App\\NodeJS\\node.exe" "C:\\Users\\AJS\\Desktop\\PHP-DEV-KIT\\NodeJSPortable\\Data\\node_modules\\npm\\bin\\npm-cli.js" "start"
19 error node v5.7.0
20 error npm  v3.5.3
21 error code ELIFECYCLE
22 error lab2@0.0.0 start: `node ./bin/www`
22 error Exit status 1
23 error Failed at the lab2@0.0.0 start script 'node ./bin/www'.
23 error Make sure you have the latest version of node.js and npm installed.
23 error If you do, this is most likely a problem with the lab2 package,
23 error not with npm itself.
23 error Tell the author that this fails on your system:
23 error     node ./bin/www
23 error You can get information on how to open an issue for this project with:
23 error     npm bugs lab2
23 error Or if that isn't available, you can get their info via:
23 error     npm owner ls lab2
23 error There is likely additional logging output above.
24 verbose exit [ 1, true ]
