0 info it worked if it ends with ok
1 verbose cli [ 'Z:\\node_dev_kit\\NodeJSPortable\\App\\NodeJS\\node.exe',
1 verbose cli   'Z:\\node_dev_kit\\NodeJSPortable\\Data\\node_modules\\npm\\bin\\npm-cli.js',
1 verbose cli   'run',
1 verbose cli   'dev' ]
2 info using npm@3.5.3
3 info using node@v5.7.0
4 verbose stack Error: missing script: dev
4 verbose stack     at run (Z:\node_dev_kit\NodeJSPortable\Data\node_modules\npm\lib\run-script.js:147:19)
4 verbose stack     at Z:\node_dev_kit\NodeJSPortable\Data\node_modules\npm\lib\run-script.js:57:5
4 verbose stack     at Z:\node_dev_kit\NodeJSPortable\Data\node_modules\npm\node_modules\read-package-json\read-json.js:345:5
4 verbose stack     at checkBinReferences_ (Z:\node_dev_kit\NodeJSPortable\Data\node_modules\npm\node_modules\read-package-json\read-json.js:309:45)
4 verbose stack     at final (Z:\node_dev_kit\NodeJSPortable\Data\node_modules\npm\node_modules\read-package-json\read-json.js:343:3)
4 verbose stack     at then (Z:\node_dev_kit\NodeJSPortable\Data\node_modules\npm\node_modules\read-package-json\read-json.js:113:5)
4 verbose stack     at ReadFileContext.<anonymous> (Z:\node_dev_kit\NodeJSPortable\Data\node_modules\npm\node_modules\read-package-json\read-json.js:284:20)
4 verbose stack     at ReadFileContext.callback (Z:\node_dev_kit\NodeJSPortable\Data\node_modules\npm\node_modules\graceful-fs\graceful-fs.js:76:16)
4 verbose stack     at FSReqWrap.readFileAfterOpen [as oncomplete] (fs.js:324:13)
5 verbose cwd Z:\node_dev_kit\AdvWebDevFall2017\public_html\week2\demo
6 error Windows_NT 6.1.7601
7 error argv "Z:\\node_dev_kit\\NodeJSPortable\\App\\NodeJS\\node.exe" "Z:\\node_dev_kit\\NodeJSPortable\\Data\\node_modules\\npm\\bin\\npm-cli.js" "run" "dev"
8 error node v5.7.0
9 error npm  v3.5.3
10 error missing script: dev
11 error If you need help, you may report this error at:
11 error     <https://github.com/npm/npm/issues>
12 verbose exit [ 1, true ]
